{"level":"error","message":{}}
{"level":"error","message":{}}
{"level":"error","message":{}}
{"level":"error","message":"failed to start server:::::TypeError: Cannot destructure property 'services' of 'undefined' as it is undefined."}
{"level":"error","message":"failed to start server:::::TypeError: Cannot destructure property 'services' of 'undefined' as it is undefined."}
{"level":"error","message":"failed to start server:::::TypeError: Cannot destructure property 'services' of 'undefined' as it is undefined."}
{"level":"error","message":"failed to start server:::::TypeError: Cannot destructure property 'services' of 'undefined' as it is undefined."}
{"level":"error","message":"failed to start server:::::TypeError: Cannot destructure property 'services' of 'undefined' as it is undefined."}
{"level":"error","message":"failed to start server:::::TypeError: Cannot destructure property 'services' of 'undefined' as it is undefined."}
{"level":"error","message":"failed to start server:::::TypeError: Cannot destructure property 'services' of 'undefined' as it is undefined."}
{"level":"error","message":"failed to start server:::::TypeError: Cannot destructure property 'services' of 'undefined' as it is undefined."}
{"level":"error","message":"failed to start server:::::TypeError: Cannot destructure property 'services' of 'undefined' as it is undefined."}
{"level":"error","message":"failed to start server:::::TypeError: Cannot destructure property 'services' of 'undefined' as it is undefined."}
{"level":"error","message":"failed to start server:::::TypeError: Cannot destructure property 'services' of 'undefined' as it is undefined."}
{"level":"error","message":"failed to start server:::::TypeError: Cannot destructure property 'services' of 'undefined' as it is undefined."}
{"level":"error","message":"failed to start server:::::TypeError: Cannot destructure property 'services' of 'undefined' as it is undefined."}
{"level":"error","message":"failed to start server:::::TypeError: Cannot destructure property 'services' of 'undefined' as it is undefined."}
{"level":"error","message":"failed to start server:::::TypeError: Cannot destructure property 'services' of 'undefined' as it is undefined."}
{"level":"error","message":"failed to start server:::::TypeError: Cannot destructure property 'services' of 'undefined' as it is undefined."}
{"level":"error","message":"failed to start server:::::TypeError: Cannot destructure property 'services' of 'undefined' as it is undefined."}
{"level":"error","message":"failed to start server:::::TypeError: Cannot destructure property 'services' of 'undefined' as it is undefined."}
{"level":"error","message":"failed to start server:::::TypeError: Cannot destructure property 'services' of 'undefined' as it is undefined."}
{"level":"error","message":"failed to start server:::::TypeError: Cannot destructure property 'services' of 'undefined' as it is undefined."}
{"level":"error","message":"failed to start server:::::TypeError: Cannot destructure property 'services' of 'undefined' as it is undefined."}
{"level":"error","message":"failed to start server:::::TypeError: Cannot destructure property 'services' of 'undefined' as it is undefined."}
{"level":"error","message":"failed to start server:::::TypeError: Cannot destructure property 'services' of 'undefined' as it is undefined."}
{"level":"error","message":"failed to start server:::::TypeError: Cannot destructure property 'services' of 'undefined' as it is undefined."}
{"level":"error","message":"failed to start server:::::TypeError: Cannot destructure property 'services' of 'undefined' as it is undefined."}
{"level":"error","message":"failed to start server:::::TypeError: Cannot destructure property 'services' of 'undefined' as it is undefined."}
{"level":"error","message":"failed to start server:::::TypeError: Cannot destructure property 'services' of 'undefined' as it is undefined."}
{"level":"error","message":"failed to start server:::::TypeError: Cannot destructure property 'services' of 'undefined' as it is undefined."}
{"level":"error","message":"failed to start server:::::TypeError: Cannot destructure property 'services' of 'undefined' as it is undefined."}
{"level":"error","message":"failed to start server:::::TypeError: Cannot destructure property 'services' of 'undefined' as it is undefined."}
{"level":"error","message":"failed to start server:::::TypeError: Cannot destructure property 'services' of 'undefined' as it is undefined."}
{"level":"error","message":"failed to start server:::::TypeError: Cannot destructure property 'services' of 'undefined' as it is undefined."}
{"level":"error","message":"failed to start server:::::TypeError: Cannot destructure property 'services' of 'undefined' as it is undefined."}
{"level":"error","message":"failed to start server:::::TypeError: Cannot destructure property 'services' of 'undefined' as it is undefined."}
{"level":"error","message":"failed to start server:::::TypeError: Cannot destructure property 'services' of 'undefined' as it is undefined."}
{"level":"error","message":"failed to start server:::::TypeError: Cannot destructure property 'services' of 'undefined' as it is undefined."}
{"level":"error","message":"failed to start server:::::TypeError: Cannot destructure property 'services' of 'undefined' as it is undefined."}
{"level":"error","message":"failed to start server:::::TypeError: Cannot destructure property 'services' of 'undefined' as it is undefined."}
{"level":"error","message":"failed to start server:::::TypeError: Cannot destructure property 'services' of 'undefined' as it is undefined."}
{"level":"error","message":"failed to start server:::::TypeError: Cannot destructure property 'services' of 'undefined' as it is undefined."}
{"level":"error","message":"failed to start server:::::TypeError: Cannot destructure property 'services' of 'undefined' as it is undefined."}
{"level":"error","message":"failed to start server:::::TypeError: Cannot destructure property 'services' of 'undefined' as it is undefined."}
{"level":"error","message":"failed to start server:::::TypeError: Cannot destructure property 'services' of 'undefined' as it is undefined."}
{"level":"error","message":"failed to start server:::::TypeError: Cannot destructure property 'services' of 'undefined' as it is undefined."}
{"level":"error","message":"failed to start server:::::TypeError: Cannot destructure property 'services' of 'undefined' as it is undefined."}
{"level":"error","message":"failed to start server:::::TypeError [ERR_INVALID_ARG_TYPE]: The \"id\" argument must be of type string. Received undefined"}
{"level":"error","message":"failed to start server:::::TypeError [ERR_INVALID_ARG_VALUE]: The argument 'id' must be a non-empty string. Received ''"}
{"level":"error","message":"failed to start server:::::Error: Cannot find module '../'\nRequire stack:\n- C:\\Users\\USER\\Desktop\\hospital managementsystem\\src\\index.js"}
{"level":"error","message":{}}
{"level":"error","message":{}}
{"level":"error","message":{"actual":false,"code":"ERR_ASSERTION","expected":true,"generatedMessage":false,"operator":"=="}}
{"level":"error","message":{"actual":false,"code":"ERR_ASSERTION","expected":true,"generatedMessage":false,"operator":"=="}}
{"level":"error","message":{"address":"127.0.0.1","code":"EADDRINUSE","errno":-4091,"port":3090,"syscall":"listen"}}
{"level":"error","message":{}}
{"level":"error","message":{}}
{"level":"error","message":{}}
{"level":"error","message":{}}
{"level":"error","message":{}}
{"level":"error","message":{}}
{"level":"error","message":{"address":"127.0.0.1","code":"EADDRINUSE","errno":-4091,"port":3090,"syscall":"listen"}}
{"level":"error","message":{"address":"127.0.0.1","code":"EADDRINUSE","errno":-4091,"port":3090,"syscall":"listen"}}
{"level":"error","message":{}}
{"level":"error","message":{}}
